Positives documents collected ... 0            Negative documents .............. 0            Total positives in sub sample ... 0
Positives documents collected ... 0            Negative documents .............. 1            Total positives in sub sample ... 0
Positives documents collected ... 0            Negative documents .............. 1            Total positives in sub sample ... 0
Positives documents collected ... 0            Negative documents .............. 1            Total positives in sub sample ... 0
Positives documents collected ... 0            Negative documents .............. 0            Total positives in sub sample ... 0
Positives documents collected ... 0            Negative documents .............. 0            Total positives in sub sample ... 0
Positives documents collected ... 0            Negative documents .............. 1            Total positives in sub sample ... 0
Positives documents collected ... 0            Negative documents .............. 1            Total positives in sub sample ... 0
Positives documents collected ... 0            Negative documents .............. 2            Total positives in sub sample ... 0
Positives documents collected ... 0            Negative documents .............. 1            Total positives in sub sample ... 0
Positives documents collected ... 0            Negative documents .............. 2            Total positives in sub sample ... 0
Positives documents collected ... 0            Negative documents .............. 4            Total positives in sub sample ... 0
Positives documents collected ... 0            Negative documents .............. 1            Total positives in sub sample ... 0
Positives documents collected ... 0            Negative documents .............. 0            Total positives in sub sample ... 0
Positives documents collected ... 0            Negative documents .............. 0            Total positives in sub sample ... 0
Positives documents collected ... 0            Negative documents .............. 1            Total positives in sub sample ... 0
Positives documents collected ... 0            Negative documents .............. 0            Total positives in sub sample ... 0
Positives documents collected ... 0            Negative documents .............. 2            Total positives in sub sample ... 0
Positives documents collected ... 0            Negative documents .............. 2            Total positives in sub sample ... 0
Positives documents collected ... 0            Negative documents .............. 0            Total positives in sub sample ... 0
Positives documents collected ... 0            Negative documents .............. 0            Total positives in sub sample ... 0
Positives documents collected ... 0            Negative documents .............. 0            Total positives in sub sample ... 0
Positives documents collected ... 0            Negative documents .............. 1            Total positives in sub sample ... 0
Positives documents collected ... 0            Negative documents .............. 0            Total positives in sub sample ... 0
Positives documents collected ... 0            Negative documents .............. 1            Total positives in sub sample ... 0
Positives documents collected ... 0            Negative documents .............. 4            Total positives in sub sample ... 0
Positives documents collected ... 0            Negative documents .............. 0            Total positives in sub sample ... 0
Positives documents collected ... 0            Negative documents .............. 2            Total positives in sub sample ... 0
Positives documents collected ... 0            Negative documents .............. 0            Total positives in sub sample ... 0
Positives documents collected ... 0            Negative documents .............. 0            Total positives in sub sample ... 0
Positives documents collected ... 0            Negative documents .............. 0            Total positives in sub sample ... 0
Positives documents collected ... 0            Negative documents .............. 0            Total positives in sub sample ... 0
Positives documents collected ... 0            Negative documents .............. 0            Total positives in sub sample ... 0
Positives documents collected ... 1            Negative documents .............. 1            Total positives in sub sample ... 1
Positives documents collected ... 0            Negative documents .............. 0            Total positives in sub sample ... 0
data.tr3/xxx001674 pos  0 neg    real posit 0  perda 0
****final result AM is tr3 2 ------772  Recall .013888  Precisao .002590  posit  0  labellingEffort 772 perda_ac 0 
flag 0
increase flag value
data.tr3/xxx001673 pos  0 neg    real posit 0  perda 0
****final result AM is tr3 2 ------773  Recall .013888  Precisao .002587  posit  0  labellingEffort 773 perda_ac 0 
flag 1
increase flag value
data.tr3/xxx001672 pos  0 neg    real posit 0  perda 0
****final result AM is tr3 2 ------773  Recall .013888  Precisao .002587  posit  0  labellingEffort 773 perda_ac 0 
flag 2
increase flag value
data.tr3/xxx001671 pos  0 neg    real posit 0  perda 0
****final result AM is tr3 2 ------773  Recall .013888  Precisao .002587  posit  0  labellingEffort 773 perda_ac 0 
flag 3
increase flag value
data.tr3/xxx001670 pos  0 neg    real posit 0  perda 0
****final result AM is tr3 2 ------774  Recall .013888  Precisao .002583  posit  0  labellingEffort 774 perda_ac 0 
flag 4
increase flag value
data.tr3/xxx001669 pos  0 neg    real posit 0  perda 0
****final result AM is tr3 2 ------775  Recall .013888  Precisao .002580  posit  0  labellingEffort 775 perda_ac 0 
flag 5
increase flag value
data.tr3/xxx001668 pos  0 neg    real posit 0  perda 0
****final result AM is tr3 2 ------775  Recall .013888  Precisao .002580  posit  0  labellingEffort 775 perda_ac 0 
flag 6
increase flag value
data.tr3/xxx001667 pos  0 neg    real posit 0  perda 0
****final result AM is tr3 2 ------775  Recall .013888  Precisao .002580  posit  0  labellingEffort 775 perda_ac 0 
flag 7
increase flag value
data.tr3/xxx001666 pos  0 neg    real posit 0  perda 0
****final result AM is tr3 2 ------775  Recall .013888  Precisao .002580  posit  0  labellingEffort 775 perda_ac 0 
flag 8
increase flag value
data.tr3/xxx001665 pos  0 neg    real posit 0  perda 0
****final result AM is tr3 2 ------776  Recall .013888  Precisao .002577  posit  0  labellingEffort 776 perda_ac 0 
flag 9
increase flag value
data.tr3/xxx001664 pos  0 neg    real posit 0  perda 0
****final result AM is tr3 2 ------776  Recall .013888  Precisao .002577  posit  0  labellingEffort 776 perda_ac 0 
flag 10
increase flag value
data.tr3/xxx001663 pos  0 neg    real posit 0  perda 0
****final result AM is tr3 2 ------776  Recall .013888  Precisao .002577  posit  0  labellingEffort 776 perda_ac 0 
flag 11
increase flag value
data.tr3/xxx001662 pos  0 neg    real posit 0  perda 0
****final result AM is tr3 2 ------778  Recall .013888  Precisao .002570  posit  0  labellingEffort 778 perda_ac 0 
flag 12
increase flag value
data.tr3/xxx001661 pos  0 neg    real posit 0  perda 0
****final result AM is tr3 2 ------778  Recall .013888  Precisao .002570  posit  0  labellingEffort 778 perda_ac 0 
flag 13
increase flag value
data.tr3/xxx001660 pos  0 neg    real posit 0  perda 0
****final result AM is tr3 2 ------778  Recall .013888  Precisao .002570  posit  0  labellingEffort 778 perda_ac 0 
flag 14
increase flag value
data.tr3/xxx001659 pos  0 neg    real posit 0  perda 0
****final result AM is tr3 2 ------778  Recall .013888  Precisao .002570  posit  0  labellingEffort 778 perda_ac 0 
flag 15
increase flag value
data.tr3/xxx001658 pos  0 neg    real posit 0  perda 0
****final result AM is tr3 2 ------778  Recall .013888  Precisao .002570  posit  0  labellingEffort 778 perda_ac 0 
flag 16
increase flag value
data.tr3/xxx001657 pos  0 neg    real posit 0  perda 0
****final result AM is tr3 2 ------778  Recall .013888  Precisao .002570  posit  0  labellingEffort 778 perda_ac 0 
flag 17
increase flag value
data.tr3/xxx001656 pos  0 neg    real posit 0  perda 0
****final result AM is tr3 2 ------778  Recall .013888  Precisao .002570  posit  0  labellingEffort 778 perda_ac 0 
flag 18
increase flag value
data.tr3/xxx001655 pos  0 neg    real posit 0  perda 0
****final result AM is tr3 2 ------778  Recall .013888  Precisao .002570  posit  0  labellingEffort 778 perda_ac 0 
flag 19
increase flag value
break because flag sliding windows
final REVEAL is tr3 2 ------778  Recall .050000  Precisao .002570  posit  2  labellingEffort 778  onlyssarp  7 perda_ac 0 sliding_windows 20
