data.tr3/xxx001640 pos  0 neg    real posit 0  perda 0
****final result AM is tr3 0 ------1795  Recall   Precisao 0  posit  0  labellingEffort 1795 perda_ac 0 
flag 0
increase flag value
data.tr3/xxx001639 pos  0 neg    real posit 0  perda 0
****final result AM is tr3 0 ------1797  Recall   Precisao 0  posit  0  labellingEffort 1797 perda_ac 0 
flag 1
increase flag value
data.tr3/xxx001638 pos  0 neg    real posit 0  perda 0
****final result AM is tr3 0 ------1798  Recall   Precisao 0  posit  0  labellingEffort 1798 perda_ac 0 
flag 2
increase flag value
data.tr3/xxx001637 pos  0 neg    real posit 0  perda 0
****final result AM is tr3 0 ------1800  Recall   Precisao 0  posit  0  labellingEffort 1800 perda_ac 0 
flag 3
increase flag value
data.tr3/xxx001636 pos  0 neg    real posit 0  perda 0
****final result AM is tr3 0 ------1805  Recall   Precisao 0  posit  0  labellingEffort 1805 perda_ac 0 
flag 4
increase flag value
data.tr3/xxx001635 pos  0 neg    real posit 0  perda 0
****final result AM is tr3 0 ------1810  Recall   Precisao 0  posit  0  labellingEffort 1810 perda_ac 0 
flag 5
increase flag value
data.tr3/xxx001634 pos  0 neg    real posit 0  perda 0
****final result AM is tr3 0 ------1813  Recall   Precisao 0  posit  0  labellingEffort 1813 perda_ac 0 
flag 6
increase flag value
data.tr3/xxx001633 pos  0 neg    real posit 0  perda 0
****final result AM is tr3 0 ------1816  Recall   Precisao 0  posit  0  labellingEffort 1816 perda_ac 0 
flag 7
increase flag value
data.tr3/xxx001632 pos  0 neg    real posit 0  perda 0
****final result AM is tr3 0 ------1819  Recall   Precisao 0  posit  0  labellingEffort 1819 perda_ac 0 
flag 8
increase flag value
data.tr3/xxx001631 pos  0 neg    real posit 0  perda 0
****final result AM is tr3 0 ------1823  Recall   Precisao 0  posit  0  labellingEffort 1823 perda_ac 0 
flag 9
increase flag value
data.tr3/xxx001630 pos  0 neg    real posit 0  perda 0
****final result AM is tr3 0 ------1827  Recall   Precisao 0  posit  0  labellingEffort 1827 perda_ac 0 
flag 10
increase flag value
data.tr3/xxx001629 pos  0 neg    real posit 0  perda 0
****final result AM is tr3 0 ------1833  Recall   Precisao 0  posit  0  labellingEffort 1833 perda_ac 0 
flag 11
increase flag value
data.tr3/xxx001628 pos  0 neg    real posit 0  perda 0
****final result AM is tr3 0 ------1838  Recall   Precisao 0  posit  0  labellingEffort 1838 perda_ac 0 
flag 12
increase flag value
data.tr3/xxx001627 pos  0 neg    real posit 0  perda 0
****final result AM is tr3 0 ------1841  Recall   Precisao 0  posit  0  labellingEffort 1841 perda_ac 0 
flag 13
increase flag value
data.tr3/xxx001626 pos  0 neg    real posit 0  perda 0
****final result AM is tr3 0 ------1844  Recall   Precisao 0  posit  0  labellingEffort 1844 perda_ac 0 
flag 14
increase flag value
data.tr3/xxx001625 pos  0 neg    real posit 0  perda 0
****final result AM is tr3 0 ------1848  Recall   Precisao 0  posit  0  labellingEffort 1848 perda_ac 0 
flag 15
increase flag value
data.tr3/xxx001624 pos  0 neg    real posit 0  perda 0
****final result AM is tr3 0 ------1850  Recall   Precisao 0  posit  0  labellingEffort 1850 perda_ac 0 
flag 16
increase flag value
data.tr3/xxx001623 pos  0 neg    real posit 0  perda 0
****final result AM is tr3 0 ------1853  Recall   Precisao 0  posit  0  labellingEffort 1853 perda_ac 0 
flag 17
increase flag value
data.tr3/xxx001622 pos  0 neg    real posit 0  perda 0
****final result AM is tr3 0 ------1860  Recall   Precisao 0  posit  0  labellingEffort 1860 perda_ac 0 
flag 18
increase flag value
data.tr3/xxx001621 pos  0 neg    real posit 0  perda 0
****final result AM is tr3 0 ------1865  Recall   Precisao 0  posit  0  labellingEffort 1865 perda_ac 0 
flag 19
increase flag value
break because flag sliding windows
final REVEAL is tr3 0 ------1865  Recall 0  Precisao 0  posit  0  labellingEffort 1865  onlyssarp  74 perda_ac 0 sliding_windows 20
