Positives documents collected ... 0            Negative documents .............. 29            Total positives in sub sample ... 0
Positives documents collected ... 0            Negative documents .............. 5            Total positives in sub sample ... 0
Positives documents collected ... 0            Negative documents .............. 3            Total positives in sub sample ... 0
Positives documents collected ... 0            Negative documents .............. 1            Total positives in sub sample ... 0
Positives documents collected ... 0            Negative documents .............. 0            Total positives in sub sample ... 0
Positives documents collected ... 0            Negative documents .............. 0            Total positives in sub sample ... 0
Positives documents collected ... 0            Negative documents .............. 0            Total positives in sub sample ... 0
Positives documents collected ... 0            Negative documents .............. 3            Total positives in sub sample ... 0
Positives documents collected ... 0            Negative documents .............. 0            Total positives in sub sample ... 0
Positives documents collected ... 0            Negative documents .............. 1            Total positives in sub sample ... 0
Positives documents collected ... 0            Negative documents .............. 0            Total positives in sub sample ... 0
Positives documents collected ... 0            Negative documents .............. 0            Total positives in sub sample ... 0
Positives documents collected ... 0            Negative documents .............. 1            Total positives in sub sample ... 0
Positives documents collected ... 0            Negative documents .............. 1            Total positives in sub sample ... 0
Positives documents collected ... 0            Negative documents .............. 0            Total positives in sub sample ... 0
Positives documents collected ... 0            Negative documents .............. 0            Total positives in sub sample ... 0
Positives documents collected ... 0            Negative documents .............. 0            Total positives in sub sample ... 0
Positives documents collected ... 0            Negative documents .............. 0            Total positives in sub sample ... 0
Positives documents collected ... 0            Negative documents .............. 0            Total positives in sub sample ... 0
Positives documents collected ... 0            Negative documents .............. 0            Total positives in sub sample ... 0
Positives documents collected ... 0            Negative documents .............. 0            Total positives in sub sample ... 0
Positives documents collected ... 0            Negative documents .............. 0            Total positives in sub sample ... 0
Positives documents collected ... 0            Negative documents .............. 0            Total positives in sub sample ... 0
Positives documents collected ... 0            Negative documents .............. 2            Total positives in sub sample ... 0
Positives documents collected ... 0            Negative documents .............. 0            Total positives in sub sample ... 0
Positives documents collected ... 0            Negative documents .............. 0            Total positives in sub sample ... 0
Positives documents collected ... 0            Negative documents .............. 1            Total positives in sub sample ... 0
Positives documents collected ... 0            Negative documents .............. 0            Total positives in sub sample ... 0
Positives documents collected ... 0            Negative documents .............. 3            Total positives in sub sample ... 0
Positives documents collected ... 0            Negative documents .............. 1            Total positives in sub sample ... 0
Positives documents collected ... 0            Negative documents .............. 0            Total positives in sub sample ... 0
Positives documents collected ... 0            Negative documents .............. 1            Total positives in sub sample ... 0
Positives documents collected ... 0            Negative documents .............. 2            Total positives in sub sample ... 0
Positives documents collected ... 0            Negative documents .............. 1            Total positives in sub sample ... 0
data.tr3/xxx001673 pos  0 neg    real posit 0  perda 0
****final result AM is tr3 1 ------826  Recall .200000  Precisao .001210  posit  0  labellingEffort 826 perda_ac 0 
flag 0
increase flag value
data.tr3/xxx001672 pos  0 neg    real posit 0  perda 0
****final result AM is tr3 1 ------826  Recall .200000  Precisao .001210  posit  0  labellingEffort 826 perda_ac 0 
flag 1
increase flag value
data.tr3/xxx001671 pos  0 neg    real posit 0  perda 0
****final result AM is tr3 1 ------828  Recall .200000  Precisao .001207  posit  0  labellingEffort 828 perda_ac 0 
flag 2
increase flag value
data.tr3/xxx001670 pos  0 neg    real posit 0  perda 0
****final result AM is tr3 1 ------828  Recall .200000  Precisao .001207  posit  0  labellingEffort 828 perda_ac 0 
flag 3
increase flag value
data.tr3/xxx001669 pos  0 neg    real posit 0  perda 0
****final result AM is tr3 1 ------828  Recall .200000  Precisao .001207  posit  0  labellingEffort 828 perda_ac 0 
flag 4
increase flag value
data.tr3/xxx001668 pos  0 neg    real posit 0  perda 0
****final result AM is tr3 1 ------828  Recall .200000  Precisao .001207  posit  0  labellingEffort 828 perda_ac 0 
flag 5
increase flag value
data.tr3/xxx001667 pos  0 neg    real posit 0  perda 0
****final result AM is tr3 1 ------828  Recall .200000  Precisao .001207  posit  0  labellingEffort 828 perda_ac 0 
flag 6
increase flag value
data.tr3/xxx001666 pos  0 neg    real posit 0  perda 0
****final result AM is tr3 1 ------828  Recall .200000  Precisao .001207  posit  0  labellingEffort 828 perda_ac 0 
flag 7
increase flag value
data.tr3/xxx001665 pos  0 neg    real posit 0  perda 0
****final result AM is tr3 1 ------828  Recall .200000  Precisao .001207  posit  0  labellingEffort 828 perda_ac 0 
flag 8
increase flag value
data.tr3/xxx001664 pos  0 neg    real posit 0  perda 0
****final result AM is tr3 1 ------828  Recall .200000  Precisao .001207  posit  0  labellingEffort 828 perda_ac 0 
flag 9
increase flag value
data.tr3/xxx001663 pos  0 neg    real posit 0  perda 0
****final result AM is tr3 1 ------828  Recall .200000  Precisao .001207  posit  0  labellingEffort 828 perda_ac 0 
flag 10
increase flag value
data.tr3/xxx001662 pos  0 neg    real posit 0  perda 0
****final result AM is tr3 1 ------829  Recall .200000  Precisao .001206  posit  0  labellingEffort 829 perda_ac 0 
flag 11
increase flag value
data.tr3/xxx001661 pos  0 neg    real posit 0  perda 0
****final result AM is tr3 1 ------829  Recall .200000  Precisao .001206  posit  0  labellingEffort 829 perda_ac 0 
flag 12
increase flag value
data.tr3/xxx001660 pos  0 neg    real posit 0  perda 0
****final result AM is tr3 1 ------829  Recall .200000  Precisao .001206  posit  0  labellingEffort 829 perda_ac 0 
flag 13
increase flag value
data.tr3/xxx001659 pos  0 neg    real posit 0  perda 0
****final result AM is tr3 1 ------829  Recall .200000  Precisao .001206  posit  0  labellingEffort 829 perda_ac 0 
flag 14
increase flag value
data.tr3/xxx001658 pos  0 neg    real posit 0  perda 0
****final result AM is tr3 1 ------829  Recall .200000  Precisao .001206  posit  0  labellingEffort 829 perda_ac 0 
flag 15
increase flag value
data.tr3/xxx001657 pos  0 neg    real posit 0  perda 0
****final result AM is tr3 1 ------829  Recall .200000  Precisao .001206  posit  0  labellingEffort 829 perda_ac 0 
flag 16
increase flag value
data.tr3/xxx001656 pos  0 neg    real posit 0  perda 0
****final result AM is tr3 1 ------829  Recall .200000  Precisao .001206  posit  0  labellingEffort 829 perda_ac 0 
flag 17
increase flag value
data.tr3/xxx001655 pos  0 neg    real posit 0  perda 0
****final result AM is tr3 1 ------829  Recall .200000  Precisao .001206  posit  0  labellingEffort 829 perda_ac 0 
flag 18
increase flag value
data.tr3/xxx001654 pos  0 neg    real posit 0  perda 0
****final result AM is tr3 1 ------830  Recall .200000  Precisao .001204  posit  0  labellingEffort 830 perda_ac 0 
flag 19
increase flag value
break because flag sliding windows
final REVEAL is tr3 1 ------830  Recall .025000  Precisao .001204  posit  1  labellingEffort 830  onlyssarp  4 perda_ac 0 sliding_windows 20
